<?xml version="1.0" encoding="UTF-8"?>
<testng-results total="4" passed="4" failed="0" skipped="0">
  <reporter-output>
  </reporter-output>
  <suite started-at="2021-05-28T00:54:05Z" name="Suite" finished-at="2021-05-28T00:54:31Z" duration-ms="25668">
    <groups>
    </groups>
    <test started-at="2021-05-28T00:54:05Z" name="Validating User login" finished-at="2021-05-28T00:54:19Z" duration-ms="13188">
      <class name="Academy.HomePage">
        <test-method is-config="true" signature="initialize()[pri:0, instance:Academy.HomePage@58a55449]" started-at="2021-05-27T20:54:05Z" name="initialize" finished-at="2021-05-27T20:54:08Z" duration-ms="2112" status="PASS">
          <reporter-output>
          </reporter-output>
        </test-method> <!-- initialize -->
        <test-method signature="basePageNavigation(java.lang.String, java.lang.String, java.lang.String)[pri:0, instance:Academy.HomePage@58a55449]" started-at="2021-05-27T20:54:08Z" name="basePageNavigation" data-provider="getData" finished-at="2021-05-27T20:54:14Z" duration-ms="6495" status="PASS">
          <params>
            <param index="0">
              <value>
                <![CDATA[nonrestricteduser@qw.com]]>
              </value>
            </param>
            <param index="1">
              <value>
                <![CDATA[123456]]>
              </value>
            </param>
            <param index="2">
              <value>
                <![CDATA[Restrcited User]]>
              </value>
            </param>
          </params>
          <reporter-output>
          </reporter-output>
        </test-method> <!-- basePageNavigation -->
        <test-method signature="basePageNavigation(java.lang.String, java.lang.String, java.lang.String)[pri:0, instance:Academy.HomePage@58a55449]" started-at="2021-05-27T20:54:14Z" name="basePageNavigation" data-provider="getData" finished-at="2021-05-27T20:54:19Z" duration-ms="4455" status="PASS">
          <params>
            <param index="0">
              <value>
                <![CDATA[restricteduser@qw.com]]>
              </value>
            </param>
            <param index="1">
              <value>
                <![CDATA[456788]]>
              </value>
            </param>
            <param index="2">
              <value>
                <![CDATA[Non restricted user]]>
              </value>
            </param>
          </params>
          <reporter-output>
          </reporter-output>
        </test-method> <!-- basePageNavigation -->
        <test-method is-config="true" signature="teardown()[pri:0, instance:Academy.HomePage@58a55449]" started-at="2021-05-27T20:54:19Z" name="teardown" finished-at="2021-05-27T20:54:19Z" duration-ms="100" status="PASS">
          <reporter-output>
          </reporter-output>
        </test-method> <!-- teardown -->
      </class> <!-- Academy.HomePage -->
    </test> <!-- Validating User login -->
    <test started-at="2021-05-28T00:54:19Z" name="Validating title in the Page" finished-at="2021-05-28T00:54:25Z" duration-ms="5932">
      <class name="Academy.validateTitle">
        <test-method is-config="true" signature="initialize()[pri:0, instance:Academy.validateTitle@610db97e]" started-at="2021-05-27T20:54:19Z" name="initialize" finished-at="2021-05-27T20:54:25Z" duration-ms="5779" status="PASS">
          <reporter-output>
          </reporter-output>
        </test-method> <!-- initialize -->
        <test-method signature="validateAppTitle()[pri:0, instance:Academy.validateTitle@610db97e]" started-at="2021-05-27T20:54:25Z" name="validateAppTitle" finished-at="2021-05-27T20:54:25Z" duration-ms="47" status="PASS">
          <reporter-output>
          </reporter-output>
        </test-method> <!-- validateAppTitle -->
        <test-method is-config="true" signature="teardown()[pri:0, instance:Academy.validateTitle@610db97e]" started-at="2021-05-27T20:54:25Z" name="teardown" finished-at="2021-05-27T20:54:25Z" duration-ms="106" status="PASS">
          <reporter-output>
          </reporter-output>
        </test-method> <!-- teardown -->
      </class> <!-- Academy.validateTitle -->
    </test> <!-- Validating title in the Page -->
    <test started-at="2021-05-28T00:54:25Z" name="App Testing" finished-at="2021-05-28T00:54:25Z" duration-ms="0">
    </test> <!-- App Testing -->
    <test started-at="2021-05-28T00:54:25Z" name="Validating navigation Bar" finished-at="2021-05-28T00:54:31Z" duration-ms="5873">
      <class name="Academy.validateNavigationBar">
        <test-method is-config="true" signature="initialize()[pri:0, instance:Academy.validateNavigationBar@26f143ed]" started-at="2021-05-27T20:54:25Z" name="initialize" finished-at="2021-05-27T20:54:31Z" duration-ms="5469" status="PASS">
          <reporter-output>
          </reporter-output>
        </test-method> <!-- initialize -->
        <test-method signature="validateAppNavBar()[pri:0, instance:Academy.validateNavigationBar@26f143ed]" started-at="2021-05-27T20:54:31Z" name="validateAppNavBar" finished-at="2021-05-27T20:54:31Z" duration-ms="188" status="PASS">
          <reporter-output>
          </reporter-output>
        </test-method> <!-- validateAppNavBar -->
        <test-method is-config="true" signature="teardown()[pri:0, instance:Academy.validateNavigationBar@26f143ed]" started-at="2021-05-27T20:54:31Z" name="teardown" finished-at="2021-05-27T20:54:31Z" duration-ms="214" status="PASS">
          <reporter-output>
          </reporter-output>
        </test-method> <!-- teardown -->
      </class> <!-- Academy.validateNavigationBar -->
    </test> <!-- Validating navigation Bar -->
  </suite> <!-- Suite -->
</testng-results>
