<?xml version="1.0" encoding="UTF-8"?>
<testng-results total="4" passed="4" failed="0" skipped="0">
  <reporter-output>
  </reporter-output>
  <suite started-at="2021-05-26T18:55:44Z" name="Suite" finished-at="2021-05-26T18:56:11Z" duration-ms="27851">
    <groups>
    </groups>
    <test started-at="2021-05-26T18:55:44Z" name="Validating User login" finished-at="2021-05-26T18:55:58Z" duration-ms="14047">
      <class name="Academy.HomePage">
        <test-method is-config="true" signature="initialize()[pri:0, instance:Academy.HomePage@c074c0c]" started-at="2021-05-26T14:55:44Z" name="initialize" finished-at="2021-05-26T14:55:46Z" duration-ms="2149" status="PASS">
          <reporter-output>
          </reporter-output>
        </test-method> <!-- initialize -->
        <test-method signature="basePageNavigation(java.lang.String, java.lang.String, java.lang.String)[pri:0, instance:Academy.HomePage@c074c0c]" started-at="2021-05-26T14:55:46Z" name="basePageNavigation" data-provider="getData" finished-at="2021-05-26T14:55:53Z" duration-ms="7300" status="PASS">
          <params>
            <param index="0">
              <value>
                <![CDATA[nonrestricteduser@qw.com]]>
              </value>
            </param>
            <param index="1">
              <value>
                <![CDATA[123456]]>
              </value>
            </param>
            <param index="2">
              <value>
                <![CDATA[Restrcited User]]>
              </value>
            </param>
          </params>
          <reporter-output>
          </reporter-output>
        </test-method> <!-- basePageNavigation -->
        <test-method signature="basePageNavigation(java.lang.String, java.lang.String, java.lang.String)[pri:0, instance:Academy.HomePage@c074c0c]" started-at="2021-05-26T14:55:53Z" name="basePageNavigation" data-provider="getData" finished-at="2021-05-26T14:55:57Z" duration-ms="4492" status="PASS">
          <params>
            <param index="0">
              <value>
                <![CDATA[restricteduser@qw.com]]>
              </value>
            </param>
            <param index="1">
              <value>
                <![CDATA[456788]]>
              </value>
            </param>
            <param index="2">
              <value>
                <![CDATA[Non restricted user]]>
              </value>
            </param>
          </params>
          <reporter-output>
          </reporter-output>
        </test-method> <!-- basePageNavigation -->
        <test-method is-config="true" signature="teardown()[pri:0, instance:Academy.HomePage@c074c0c]" started-at="2021-05-26T14:55:57Z" name="teardown" finished-at="2021-05-26T14:55:58Z" duration-ms="87" status="PASS">
          <reporter-output>
          </reporter-output>
        </test-method> <!-- teardown -->
      </class> <!-- Academy.HomePage -->
    </test> <!-- Validating User login -->
    <test started-at="2021-05-26T18:55:58Z" name="Validating title in the Page" finished-at="2021-05-26T18:56:05Z" duration-ms="6681">
      <class name="Academy.validateTitle">
        <test-method is-config="true" signature="initialize()[pri:0, instance:Academy.validateTitle@4d4d8fcf]" started-at="2021-05-26T14:55:58Z" name="initialize" finished-at="2021-05-26T14:56:05Z" duration-ms="6494" status="PASS">
          <reporter-output>
          </reporter-output>
        </test-method> <!-- initialize -->
        <test-method signature="validateAppTitle()[pri:0, instance:Academy.validateTitle@4d4d8fcf]" started-at="2021-05-26T14:56:05Z" name="validateAppTitle" finished-at="2021-05-26T14:56:05Z" duration-ms="44" status="PASS">
          <reporter-output>
          </reporter-output>
        </test-method> <!-- validateAppTitle -->
        <test-method is-config="true" signature="teardown()[pri:0, instance:Academy.validateTitle@4d4d8fcf]" started-at="2021-05-26T14:56:05Z" name="teardown" finished-at="2021-05-26T14:56:05Z" duration-ms="141" status="PASS">
          <reporter-output>
          </reporter-output>
        </test-method> <!-- teardown -->
      </class> <!-- Academy.validateTitle -->
    </test> <!-- Validating title in the Page -->
    <test started-at="2021-05-26T18:56:05Z" name="App Testing" finished-at="2021-05-26T18:56:05Z" duration-ms="1">
    </test> <!-- App Testing -->
    <test started-at="2021-05-26T18:56:05Z" name="Validating navigation Bar" finished-at="2021-05-26T18:56:11Z" duration-ms="6400">
      <class name="Academy.validateNavigationBar">
        <test-method is-config="true" signature="initialize()[pri:0, instance:Academy.validateNavigationBar@53bc1328]" started-at="2021-05-26T14:56:05Z" name="initialize" finished-at="2021-05-26T14:56:11Z" duration-ms="6168" status="PASS">
          <reporter-output>
          </reporter-output>
        </test-method> <!-- initialize -->
        <test-method signature="validateAppNavBar()[pri:0, instance:Academy.validateNavigationBar@53bc1328]" started-at="2021-05-26T14:56:11Z" name="validateAppNavBar" finished-at="2021-05-26T14:56:11Z" duration-ms="119" status="PASS">
          <reporter-output>
          </reporter-output>
        </test-method> <!-- validateAppNavBar -->
        <test-method is-config="true" signature="teardown()[pri:0, instance:Academy.validateNavigationBar@53bc1328]" started-at="2021-05-26T14:56:11Z" name="teardown" finished-at="2021-05-26T14:56:11Z" duration-ms="111" status="PASS">
          <reporter-output>
          </reporter-output>
        </test-method> <!-- teardown -->
      </class> <!-- Academy.validateNavigationBar -->
    </test> <!-- Validating navigation Bar -->
  </suite> <!-- Suite -->
</testng-results>
