<?xml version="1.0" encoding="UTF-8"?>
<testsuite xmlns:xsi="http://www.w3.org/2001/XMLSchema-instance" xsi:noNamespaceSchemaLocation="https://maven.apache.org/surefire/maven-surefire-plugin/xsd/surefire-test-report.xsd" name="TestSuite" time="28.325" tests="4" errors="0" skipped="0" failures="0">
  <properties>
[...]
</properties>
  <testcase name="basePageNavigation" classname="Academy.HomePage" time="6.496"/>
  <testcase name="basePageNavigation" classname="Academy.HomePage" time="4.456"/>
  <testcase name="validateAppTitle" classname="Academy.validateTitle" time="0.046"/>
  <testcase name="validateAppNavBar" classname="Academy.validateNavigationBar" time="0.189"/>
</testsuite>