<?xml version="1.0" encoding="UTF-8"?>
<testng-results ignored="0" total="4" passed="4" failed="0" skipped="0">
  <reporter-output>
  </reporter-output>
  <suite started-at="2021-05-26T14:52:53 EDT" name="Suite" finished-at="2021-05-26T14:53:23 EDT" duration-ms="29512">
    <groups>
    </groups>
    <test started-at="2021-05-26T14:52:53 EDT" name="Validating User login" finished-at="2021-05-26T14:53:10 EDT" duration-ms="16078">
      <class name="Academy.HomePage">
        <test-method is-config="true" signature="initialize()[pri:0, instance:Academy.HomePage@180e6ac4]" started-at="2021-05-26T14:52:53 EDT" name="initialize" finished-at="2021-05-26T14:52:56 EDT" duration-ms="2611" status="PASS">
          <reporter-output>
          </reporter-output>
        </test-method> <!-- initialize -->
        <test-method signature="basePageNavigation(java.lang.String, java.lang.String, java.lang.String)[pri:0, instance:Academy.HomePage@180e6ac4]" started-at="2021-05-26T14:52:56 EDT" name="basePageNavigation" data-provider="getData" finished-at="2021-05-26T14:53:03 EDT" duration-ms="7290" status="PASS">
          <params>
            <param index="0">
              <value>
                <![CDATA[nonrestricteduser@qw.com]]>
              </value>
            </param>
            <param index="1">
              <value>
                <![CDATA[123456]]>
              </value>
            </param>
            <param index="2">
              <value>
                <![CDATA[Restrcited User]]>
              </value>
            </param>
          </params>
          <reporter-output>
          </reporter-output>
        </test-method> <!-- basePageNavigation -->
        <test-method signature="basePageNavigation(java.lang.String, java.lang.String, java.lang.String)[pri:0, instance:Academy.HomePage@180e6ac4]" started-at="2021-05-26T14:53:03 EDT" name="basePageNavigation" data-provider="getData" finished-at="2021-05-26T14:53:09 EDT" duration-ms="5777" status="PASS">
          <params>
            <param index="0">
              <value>
                <![CDATA[restricteduser@qw.com]]>
              </value>
            </param>
            <param index="1">
              <value>
                <![CDATA[456788]]>
              </value>
            </param>
            <param index="2">
              <value>
                <![CDATA[Non restricted user]]>
              </value>
            </param>
          </params>
          <reporter-output>
          </reporter-output>
        </test-method> <!-- basePageNavigation -->
        <test-method is-config="true" signature="teardown()[pri:0, instance:Academy.HomePage@180e6ac4]" started-at="2021-05-26T14:53:09 EDT" name="teardown" finished-at="2021-05-26T14:53:10 EDT" duration-ms="305" status="PASS">
          <reporter-output>
          </reporter-output>
        </test-method> <!-- teardown -->
      </class> <!-- Academy.HomePage -->
    </test> <!-- Validating User login -->
    <test started-at="2021-05-26T14:53:10 EDT" name="Validating title in the Page" finished-at="2021-05-26T14:53:16 EDT" duration-ms="6231">
      <class name="Academy.validateTitle">
        <test-method is-config="true" signature="initialize()[pri:0, instance:Academy.validateTitle@6175619b]" started-at="2021-05-26T14:53:10 EDT" name="initialize" finished-at="2021-05-26T14:53:16 EDT" duration-ms="5952" status="PASS">
          <reporter-output>
          </reporter-output>
        </test-method> <!-- initialize -->
        <test-method signature="validateAppTitle()[pri:0, instance:Academy.validateTitle@6175619b]" started-at="2021-05-26T14:53:16 EDT" name="validateAppTitle" finished-at="2021-05-26T14:53:16 EDT" duration-ms="87" status="PASS">
          <reporter-output>
          </reporter-output>
        </test-method> <!-- validateAppTitle -->
        <test-method is-config="true" signature="teardown()[pri:0, instance:Academy.validateTitle@6175619b]" started-at="2021-05-26T14:53:16 EDT" name="teardown" finished-at="2021-05-26T14:53:16 EDT" duration-ms="187" status="PASS">
          <reporter-output>
          </reporter-output>
        </test-method> <!-- teardown -->
      </class> <!-- Academy.validateTitle -->
    </test> <!-- Validating title in the Page -->
    <test started-at="2021-05-26T14:53:17 EDT" name="App Testing" finished-at="2021-05-26T14:53:17 EDT" duration-ms="4">
    </test> <!-- App Testing -->
    <test started-at="2021-05-26T14:53:17 EDT" name="Validating navigation Bar" finished-at="2021-05-26T14:53:23 EDT" duration-ms="6320">
      <class name="Academy.validateNavigationBar">
        <test-method is-config="true" signature="initialize()[pri:0, instance:Academy.validateNavigationBar@1deb2c43]" started-at="2021-05-26T14:53:17 EDT" name="initialize" finished-at="2021-05-26T14:53:23 EDT" duration-ms="6053" status="PASS">
          <reporter-output>
          </reporter-output>
        </test-method> <!-- initialize -->
        <test-method signature="validateAppNavBar()[pri:0, instance:Academy.validateNavigationBar@1deb2c43]" started-at="2021-05-26T14:53:23 EDT" name="validateAppNavBar" finished-at="2021-05-26T14:53:23 EDT" duration-ms="111" status="PASS">
          <reporter-output>
          </reporter-output>
        </test-method> <!-- validateAppNavBar -->
        <test-method is-config="true" signature="teardown()[pri:0, instance:Academy.validateNavigationBar@1deb2c43]" started-at="2021-05-26T14:53:23 EDT" name="teardown" finished-at="2021-05-26T14:53:23 EDT" duration-ms="151" status="PASS">
          <reporter-output>
          </reporter-output>
        </test-method> <!-- teardown -->
      </class> <!-- Academy.validateNavigationBar -->
    </test> <!-- Validating navigation Bar -->
  </suite> <!-- Suite -->
</testng-results>
